<<<<<<< HEAD
/usr/local/opt/rbenv/versions/2.1.5/bin/ruby -r ./siteconf20150727-3129-9nc1v4.rb extconf.rb
=======
/usr/local/opt/rbenv/versions/2.1.5/bin/ruby -r ./siteconf20150724-6127-18h2wn8.rb extconf.rb
>>>>>>> ba2b8438ad818fec6198cc9c8c6a3a21fb13020a
checking for sqlite3.h... yes
checking for sqlite3_libversion_number() in -lsqlite3... yes
checking for rb_proc_arity()... yes
checking for rb_integer_pack()... yes
checking for sqlite3_initialize()... yes
checking for sqlite3_backup_init()... yes
checking for sqlite3_column_database_name()... yes
checking for sqlite3_enable_load_extension()... yes
checking for sqlite3_load_extension()... yes
checking for sqlite3_open_v2()... yes
checking for sqlite3_prepare_v2()... yes
checking for sqlite3_int64 in sqlite3.h... yes
checking for sqlite3_uint64 in sqlite3.h... yes
creating Makefile

make "DESTDIR=" clean

make "DESTDIR="
compiling exception.c
compiling statement.c
compiling backup.c
compiling sqlite3.c
compiling database.c
linking shared-object sqlite3/sqlite3_native.so

make "DESTDIR=" install
<<<<<<< HEAD
/usr/bin/install -c -m 0755 sqlite3_native.so ./.gem.20150727-3129-s3pdhh/sqlite3
=======
/usr/bin/install -c -m 0755 sqlite3_native.so ./.gem.20150724-6127-y143sl/sqlite3
>>>>>>> ba2b8438ad818fec6198cc9c8c6a3a21fb13020a
installing default sqlite3_native libraries
